<?xml version="1.0" encoding="UTF-8"?>
<testng-results ignored="0" total="4" passed="4" failed="0" skipped="0">
  <reporter-output>
  </reporter-output>
  <suite started-at="2022-05-28T12:45:50 IST" name="Suite" finished-at="2022-05-28T12:45:50 IST" duration-ms="783">
    <groups>
      <group name="cucumber">
        <method signature="AbstractTestNGCucumberTests.runScenario(io.cucumber.testng.PickleWrapper,io.cucumber.testng.FeatureWrapper)[pri:0, instance:Runner.testRunner@1afd44cb]" name="runScenario" class="io.cucumber.testng.AbstractTestNGCucumberTests"/>
      </group> <!-- cucumber -->
    </groups>
    <test started-at="2022-05-28T12:45:50 IST" name="Test" finished-at="2022-05-28T12:45:50 IST" duration-ms="783">
      <class name="Runner.testRunner">
        <test-method is-config="true" signature="setUpClass(org.testng.ITestContext)[pri:0, instance:Runner.testRunner@1afd44cb]" started-at="2022-05-28T12:45:50 IST" name="setUpClass" finished-at="2022-05-28T12:45:50 IST" duration-ms="569" status="PASS">
          <params>
            <param index="0">
              <value>
                <![CDATA[org.testng.TestRunner@7a1a3478]]>
              </value>
            </param>
          </params>
          <reporter-output>
          </reporter-output>
        </test-method> <!-- setUpClass -->
        <test-method signature="runScenario(io.cucumber.testng.PickleWrapper,io.cucumber.testng.FeatureWrapper)[pri:0, instance:Runner.testRunner@1afd44cb]" started-at="2022-05-28T12:45:50 IST" name="runScenario" description="Runs Cucumber Scenarios" data-provider="scenarios" finished-at="2022-05-28T12:45:50 IST" duration-ms="109" status="PASS">
          <params>
            <param index="0">
              <value>
                <![CDATA["Test SuperUser Login"]]>
              </value>
            </param>
            <param index="1">
              <value>
                <![CDATA["To Test The Login Functionality of XYZ Application"]]>
              </value>
            </param>
          </params>
          <reporter-output>
          </reporter-output>
        </test-method> <!-- runScenario -->
        <test-method signature="runScenario(io.cucumber.testng.PickleWrapper,io.cucumber.testng.FeatureWrapper)[pri:0, instance:Runner.testRunner@1afd44cb]" started-at="2022-05-28T12:45:50 IST" name="runScenario" description="Runs Cucumber Scenarios" data-provider="scenarios" finished-at="2022-05-28T12:45:50 IST" duration-ms="6" status="PASS">
          <params>
            <param index="0">
              <value>
                <![CDATA["Test StakableUser Login"]]>
              </value>
            </param>
            <param index="1">
              <value>
                <![CDATA["To Test The Login Functionality of XYZ Application"]]>
              </value>
            </param>
          </params>
          <reporter-output>
          </reporter-output>
        </test-method> <!-- runScenario -->
        <test-method signature="runScenario(io.cucumber.testng.PickleWrapper,io.cucumber.testng.FeatureWrapper)[pri:0, instance:Runner.testRunner@1afd44cb]" started-at="2022-05-28T12:45:50 IST" name="runScenario" description="Runs Cucumber Scenarios" data-provider="scenarios" finished-at="2022-05-28T12:45:50 IST" duration-ms="5" status="PASS">
          <params>
            <param index="0">
              <value>
                <![CDATA["Test StakableUser Login"]]>
              </value>
            </param>
            <param index="1">
              <value>
                <![CDATA["To Test The Login Functionality of XYZ Application"]]>
              </value>
            </param>
          </params>
          <reporter-output>
          </reporter-output>
        </test-method> <!-- runScenario -->
        <test-method signature="runScenario(io.cucumber.testng.PickleWrapper,io.cucumber.testng.FeatureWrapper)[pri:0, instance:Runner.testRunner@1afd44cb]" started-at="2022-05-28T12:45:50 IST" name="runScenario" description="Runs Cucumber Scenarios" data-provider="scenarios" finished-at="2022-05-28T12:45:50 IST" duration-ms="6" status="PASS">
          <params>
            <param index="0">
              <value>
                <![CDATA["Test StakableUser Login"]]>
              </value>
            </param>
            <param index="1">
              <value>
                <![CDATA["To Test The Login Functionality of XYZ Application"]]>
              </value>
            </param>
          </params>
          <reporter-output>
          </reporter-output>
        </test-method> <!-- runScenario -->
        <test-method is-config="true" signature="tearDownClass()[pri:0, instance:Runner.testRunner@1afd44cb]" started-at="2022-05-28T12:45:50 IST" name="tearDownClass" finished-at="2022-05-28T12:45:50 IST" duration-ms="14" status="PASS">
          <reporter-output>
          </reporter-output>
        </test-method> <!-- tearDownClass -->
      </class> <!-- Runner.testRunner -->
    </test> <!-- Test -->
  </suite> <!-- Suite -->
</testng-results>
